<?xml version="1.0" encoding="UTF-8"?>
<testsuite xmlns:xsi="http://www.w3.org/2001/XMLSchema-instance" xsi:noNamespaceSchemaLocation="https://maven.apache.org/surefire/maven-surefire-plugin/xsd/surefire-test-report.xsd" name="sustain.mapper.LatLngSerializerTest" time="0.009" tests="3" errors="0" skipped="0" failures="0">
  <properties>
[...]
</properties>
  <testcase name="createSerializerFromRedisConnection" classname="sustain.mapper.LatLngSerializerTest" time="0.006"/>
  <testcase name="serializeWithPrecision" classname="sustain.mapper.LatLngSerializerTest" time="0.001"/>
  <testcase name="serializeWithZeroPrecision" classname="sustain.mapper.LatLngSerializerTest" time="0.001"/>
</testsuite>